<?xml version="1.0" encoding="UTF-8"?>
<!-- Generated by org.testng.reporters.JUnitReportReporter -->
<testsuite hostname="LAPTOP-U43BFJ90" failures="0" tests="2" name="axeFirst.tests.Agile1TechTitleTest" time="3.706" errors="0" timestamp="2025-07-23T10:17:27 EDT" skipped="0">
  <testcase classname="axeFirst.tests.Agile1TechTitleTest" name="testResultsOnAgile1TechTitle" time="1.628"/>
  <testcase classname="axeFirst.tests.Agile1TechTitleTest" name="testResultsOnAgile1TechTitle" time="2.078"/>
  <system-out>
    <![CDATA[#AXE.report(violations)
#AXE.report(violations)]]>
  </system-out>
</testsuite> <!-- axeFirst.tests.Agile1TechTitleTest -->
