<?xml version="1.0" encoding="UTF-8"?>
<!-- Generated by org.testng.reporters.JUnitReportReporter -->
<testsuite hostname="LAPTOP-U43BFJ90" failures="0" tests="1" name="axeFirst.tests.Agile1TechCorporateTest" time="2.080" errors="0" timestamp="2025-07-23T10:17:27 EDT" skipped="0">
  <testcase classname="axeFirst.tests.Agile1TechCorporateTest" name="testResultsOnAgile1TechElementLink" time="2.080"/>
  <system-out>
    <![CDATA[#AXE.report(violations)
#AXE.report(violations)]]>
  </system-out>
</testsuite> <!-- axeFirst.tests.Agile1TechCorporateTest -->
