<?xml version="1.0" encoding="UTF-8"?>
<!-- Generated by org.testng.reporters.JUnitReportReporter -->
<testsuite hostname="LAPTOP-U43BFJ90" failures="0" tests="1" name="axeFirst.tests.Agile1TechPortalTest" time="2.104" errors="0" timestamp="2025-04-11T20:08:16 EDT" skipped="0">
  <testcase classname="axeFirst.tests.Agile1TechPortalTest" name="testResultsOnAgile1TechElementButton" time="2.104"/>
</testsuite> <!-- axeFirst.tests.Agile1TechPortalTest -->
