<?xml version="1.0" encoding="UTF-8"?>
<!-- Generated by org.testng.reporters.JUnitReportReporter -->
<testsuite hostname="LAPTOP-U43BFJ90" failures="0" tests="1" name="axeFirst.tests.Agile1TechPortalSubmitBtnTest" time="2.013" errors="0" timestamp="2025-07-23T10:14:18 EDT" skipped="0">
  <testcase classname="axeFirst.tests.Agile1TechPortalSubmitBtnTest" name="testResultsOnAgile1TechElementButton" time="2.013"/>
</testsuite> <!-- axeFirst.tests.Agile1TechPortalSubmitBtnTest -->
