<?xml version="1.0" encoding="UTF-8"?>
<!-- Generated by org.testng.reporters.JUnitReportReporter -->
<testsuite hostname="LAPTOP-U43BFJ90" failures="0" tests="1" name="axeFirst.tests.Agile1TechPortalTest" time="3.476" errors="0" timestamp="2025-04-03T17:23:56 EDT" skipped="0">
  <testcase classname="axeFirst.tests.Agile1TechPortalTest" name="testResultsOnAgile1TechElementButton" time="3.476"/>
  <system-out>
    <![CDATA[#AXE.report(violations)
#AXE.report(violations)]]>
  </system-out>
</testsuite> <!-- axeFirst.tests.Agile1TechPortalTest -->
