<?xml version="1.0" encoding="UTF-8"?>
<!-- Generated by org.testng.reporters.JUnitReportReporter -->
<testsuite hostname="LAPTOP-U43BFJ90" failures="0" tests="2" name="axeFirst.tests.Agile1TechTitleTest" time="5.808" errors="0" timestamp="2025-08-26T17:13:13 EDT" skipped="0">
  <testcase classname="axeFirst.tests.Agile1TechTitleTest" name="testResultsOnAgile1TechTitle" time="2.829"/>
  <testcase classname="axeFirst.tests.Agile1TechTitleTest" name="testResultsOnAgile1TechTitle" time="2.979"/>
</testsuite> <!-- axeFirst.tests.Agile1TechTitleTest -->
