<?xml version="1.0" encoding="UTF-8"?>
<!-- Generated by org.testng.reporters.JUnitReportReporter -->
<testsuite hostname="LAPTOP-U43BFJ90" failures="0" tests="1" name="axeFirst.tests.Agile1TechPortalCareerBtnTest" time="2.376" errors="0" timestamp="2025-08-26T17:13:13 EDT" skipped="0">
  <testcase classname="axeFirst.tests.Agile1TechPortalCareerBtnTest" name="testResultsOnAgile1TechElementButton" time="2.376"/>
</testsuite> <!-- axeFirst.tests.Agile1TechPortalCareerBtnTest -->
